2026-04-11 21:29:45,355 [INFO] Activator:176 - 


2026-04-11 21:29:45,360 [INFO] Activator:177 - !SESSION log4j initialized
2026-04-11 21:29:47,778 [INFO] LogOutputStream:77 - [STDOUT_REDIRECT] 
2026-04-11 21:29:49,514 [INFO] ApplicationProperties:184 - Using Application install path: E:\STM32CubeIDE\STM32CubeIDE_1.19.0\STM32CubeIDE\plugins\com.st.stm32cube.common.mx_6.15.0.202507011659
2026-04-11 21:29:49,529 [INFO] DbMcusXml:78 - Set database path to: E:\STM32CubeIDE\STM32CubeIDE_1.19.0\STM32CubeIDE\plugins\com.st.stm32cube.common.mx_6.15.0.202507011659\\db\/mcu/
2026-04-11 21:29:49,529 [INFO] ApiDb:274 - Set plugin database path to: E:\STM32CubeIDE\STM32CubeIDE_1.19.0\STM32CubeIDE\plugins\com.st.stm32cube.common.mx_6.15.0.202507011659\\db\/plugins/boardmanager/
2026-04-11 21:29:49,541 [WARN] ApiDb:259 - Overriding images path with different value:  => E:\STM32CubeIDE\STM32CubeIDE_1.19.0\STM32CubeIDE\plugins\com.st.stm32cube.common.mx_6.15.0.202507011659\\db\/plugins/mcufinder/images/
2026-04-11 21:29:49,551 [INFO] ApiDb:250 - Set database path to: C:\Users\zeng\.stmcufinder\plugins\mcufinder//mcu/
2026-04-11 21:29:49,551 [INFO] DbMcusAds:125 - Set database path to: C:\Users\zeng\.stmcufinder\plugins\mcufinder//mcu/
2026-04-11 21:29:49,554 [INFO] CrossReferenceDbSqlite:203 - Set database path to: C:\Users\zeng\.stmcufinder\plugins\mcufinder//mcu/cs/
2026-04-11 21:29:49,640 [INFO] RulesReader:64 - Compatibility file has been processed (317 Rules)
2026-04-11 21:29:49,709 [INFO] DbMcusXml:78 - Set database path to: E:\STM32CubeIDE\STM32CubeIDE_1.19.0\STM32CubeIDE\plugins\com.st.stm32cube.common.mx_6.15.0.202507011659\\db\/mcu/
2026-04-11 21:29:49,709 [INFO] ApiDb:274 - Set plugin database path to: E:\STM32CubeIDE\STM32CubeIDE_1.19.0\STM32CubeIDE\plugins\com.st.stm32cube.common.mx_6.15.0.202507011659\\db\/plugins/boardmanager/
2026-04-11 21:29:49,709 [INFO] ApiDb:261 - Set plugin images path to: E:\STM32CubeIDE\STM32CubeIDE_1.19.0\STM32CubeIDE\plugins\com.st.stm32cube.common.mx_6.15.0.202507011659\\db\/plugins/mcufinder/images/
2026-04-11 21:29:49,709 [WARN] DbFile:41 - Overriding database path with different value: C:\Users\zeng\.stmcufinder\plugins\mcufinder/ => C:\Users\zeng\.stmcufinder\plugins\mcufinder
2026-04-11 21:29:49,709 [INFO] ApiDb:250 - Set database path to: C:\Users\zeng\.stmcufinder\plugins\mcufinder//mcu/
2026-04-11 21:29:49,709 [WARN] DbFile:41 - Overriding database path with different value: C:\Users\zeng\.stmcufinder\plugins\mcufinder/ => C:\Users\zeng\.stmcufinder\plugins\mcufinder
2026-04-11 21:29:49,709 [INFO] DbMcusAds:125 - Set database path to: C:\Users\zeng\.stmcufinder\plugins\mcufinder//mcu/
2026-04-11 21:29:49,709 [WARN] DbFile:41 - Overriding database path with different value: C:\Users\zeng\.stmcufinder\plugins\mcufinder/ => C:\Users\zeng\.stmcufinder\plugins\mcufinder
2026-04-11 21:29:49,709 [WARN] DbFile:41 - Overriding database path with different value: C:\Users\zeng\.stmcufinder\plugins\mcufinder/ => C:\Users\zeng\.stmcufinder\plugins\mcufinder
2026-04-11 21:29:49,710 [INFO] CrossReferenceDbSqlite:203 - Set database path to: C:\Users\zeng\.stmcufinder\plugins\mcufinder//mcu/cs/
2026-04-11 21:29:49,766 [INFO] MainPanel:274 - HeapMemory: 268435456
2026-04-11 21:29:49,848 [INFO] DbMcusXml:78 - Set database path to: E:\STM32CubeIDE\STM32CubeIDE_1.19.0\STM32CubeIDE\plugins\com.st.stm32cube.common.mx_6.15.0.202507011659\\db\/mcu/
2026-04-11 21:29:49,848 [INFO] ApiDb:274 - Set plugin database path to: E:\STM32CubeIDE\STM32CubeIDE_1.19.0\STM32CubeIDE\plugins\com.st.stm32cube.common.mx_6.15.0.202507011659\\db\/plugins/boardmanager/
2026-04-11 21:29:49,848 [INFO] ApiDb:261 - Set plugin images path to: E:\STM32CubeIDE\STM32CubeIDE_1.19.0\STM32CubeIDE\plugins\com.st.stm32cube.common.mx_6.15.0.202507011659\\db\/plugins/mcufinder/images/
2026-04-11 21:29:49,848 [WARN] DbFile:41 - Overriding database path with different value: C:\Users\zeng\.stmcufinder\plugins\mcufinder/ => C:\Users\zeng\.stmcufinder\plugins\mcufinder
2026-04-11 21:29:49,848 [INFO] ApiDb:250 - Set database path to: C:\Users\zeng\.stmcufinder\plugins\mcufinder//mcu/
2026-04-11 21:29:49,849 [WARN] DbFile:41 - Overriding database path with different value: C:\Users\zeng\.stmcufinder\plugins\mcufinder/ => C:\Users\zeng\.stmcufinder\plugins\mcufinder
2026-04-11 21:29:49,849 [INFO] DbMcusAds:125 - Set database path to: C:\Users\zeng\.stmcufinder\plugins\mcufinder//mcu/
2026-04-11 21:29:49,849 [WARN] DbFile:41 - Overriding database path with different value: C:\Users\zeng\.stmcufinder\plugins\mcufinder/ => C:\Users\zeng\.stmcufinder\plugins\mcufinder
2026-04-11 21:29:49,849 [WARN] DbFile:41 - Overriding database path with different value: C:\Users\zeng\.stmcufinder\plugins\mcufinder/ => C:\Users\zeng\.stmcufinder\plugins\mcufinder
2026-04-11 21:29:49,849 [INFO] CrossReferenceDbSqlite:203 - Set database path to: C:\Users\zeng\.stmcufinder\plugins\mcufinder//mcu/cs/
2026-04-11 21:29:49,863 [INFO] ApplicationProperties:184 - Using Application install path: E:\STM32CubeIDE\STM32CubeIDE_1.19.0\STM32CubeIDE\plugins\com.st.stm32cube.common.mx_6.15.0.202507011659
2026-04-11 21:29:49,864 [INFO] PluginManage:196 - Search for loadable plugins [exclusion list=, ]
2026-04-11 21:29:49,864 [INFO] PluginManage:310 - Check plugin analytics
2026-04-11 21:29:50,054 [INFO] AnalyticsPlugin:253 - Accepted Software Licenses: 
2026-04-11 21:29:50,055 [INFO] AnalyticsPlugin:255 - Accepted CMSIS Pack Licenses: 
2026-04-11 21:29:50,055 [INFO] AnalyticsPlugin:257 - Accepted Firmware Licenses: 
2026-04-11 21:29:50,056 [INFO] PluginManage:359 - Loaded plugin analytics (category:tool,tabindex:-1)
2026-04-11 21:29:50,057 [INFO] PluginManage:310 - Check plugin cadmodel
2026-04-11 21:29:50,063 [INFO] CADModel:105 - Init CAD model plugin
2026-04-11 21:29:50,064 [INFO] PluginManage:359 - Loaded plugin cadmodel (category:power,tabindex:5)
2026-04-11 21:29:50,064 [INFO] PluginManage:310 - Check plugin clock
2026-04-11 21:29:50,091 [INFO] PluginManage:359 - Loaded plugin clock (category:base,tabindex:2)
2026-04-11 21:29:50,091 [INFO] PluginManage:310 - Check plugin ddr
2026-04-11 21:29:50,094 [INFO] PluginManage:359 - Loaded plugin ddr (category:tool,tabindex:6)
2026-04-11 21:29:50,094 [INFO] PluginManage:310 - Check plugin filemanager
2026-04-11 21:29:50,255 [INFO] PluginManage:359 - Loaded plugin filemanager (category:base,tabindex:10)
2026-04-11 21:29:50,255 [INFO] PluginManage:310 - Check plugin ipmanager
2026-04-11 21:29:50,261 [INFO] PluginManage:359 - Loaded plugin ipmanager (category:base,tabindex:5)
2026-04-11 21:29:50,262 [INFO] PluginManage:310 - Check plugin lpbam
2026-04-11 21:29:50,268 [INFO] PluginManage:359 - Loaded plugin lpbam (category:base,tabindex:0)
2026-04-11 21:29:50,268 [INFO] PluginManage:310 - Check plugin memorymap
2026-04-11 21:29:50,279 [INFO] PluginManage:359 - Loaded plugin memorymap (category:base,tabindex:4)
2026-04-11 21:29:50,279 [INFO] PluginManage:310 - Check plugin pinoutandconfiguration
2026-04-11 21:29:50,286 [INFO] PluginManage:359 - Loaded plugin pinoutandconfiguration (category:base,tabindex:1)
2026-04-11 21:29:50,286 [INFO] PluginManage:310 - Check plugin pinoutconfig
2026-04-11 21:29:50,350 [WARN] SupportedApi:132 - Cannot load RTOS API schema: s4s-elt-must-match.1: The content of 'definitions' must match (annotation?, (simpleType | complexType)?, (unique | key | keyref)*)). A problem was found starting at: attribute.
2026-04-11 21:29:50,449 [INFO] PluginManage:359 - Loaded plugin pinoutconfig (category:base,tabindex:0)
2026-04-11 21:29:50,449 [INFO] PluginManage:310 - Check plugin power
2026-04-11 21:29:50,457 [INFO] PluginManage:359 - Loaded plugin power (category:power,tabindex:4)
2026-04-11 21:29:50,457 [INFO] PluginManage:310 - Check plugin projectmanager
2026-04-11 21:29:50,470 [INFO] PluginManage:359 - Loaded plugin projectmanager (category:projectmanager,tabindex:4)
2026-04-11 21:29:50,470 [INFO] PluginManage:310 - Check plugin rif
2026-04-11 21:29:50,479 [INFO] PluginManage:359 - Loaded plugin rif (category:base,tabindex:3)
2026-04-11 21:29:50,479 [INFO] PluginManage:310 - Check plugin thirdparty
2026-04-11 21:29:50,596 [INFO] PluginManage:359 - Loaded plugin thirdparty (category:base,tabindex:-1)
2026-04-11 21:29:50,596 [INFO] PluginManage:310 - Check plugin tools
2026-04-11 21:29:50,596 [WARN] IntegrityCheckThread:84 - waiting for thirdparty lock release [integrity check]
2026-04-11 21:29:50,596 [INFO] IntegrityCheckThread:86 - entering critical section [integrity check]
2026-04-11 21:29:50,597 [INFO] ThirdPartyUpdaterWithRetryManager:70 - Updater plugin not ready yet. [1/15]
2026-04-11 21:29:50,598 [INFO] PluginManage:359 - Loaded plugin tools (category:base,tabindex:7)
2026-04-11 21:29:50,598 [INFO] PluginManage:310 - Check plugin tutovideos
2026-04-11 21:29:50,739 [INFO] PluginManage:359 - Loaded plugin tutovideos (category:base,tabindex:-1)
2026-04-11 21:29:50,739 [INFO] PluginManage:310 - Check plugin updater
2026-04-11 21:29:50,755 [INFO] PluginManage:359 - Loaded plugin updater (category:base,tabindex:12)
2026-04-11 21:29:50,755 [INFO] PluginManage:310 - Check plugin userauth
2026-04-11 21:29:50,757 [INFO] UserAuth:118 - Init User Auth plugin
2026-04-11 21:29:50,757 [INFO] PluginManage:359 - Loaded plugin userauth (category:base,tabindex:14)
2026-04-11 21:29:50,757 [INFO] PluginManage:283 - PluginManage : Loaded plugins [18]
2026-04-11 21:29:50,899 [INFO] PinOutPanel:1589 - setPackage(No Configuration,No Configuration)
2026-04-11 21:29:50,957 [INFO] CADModel:165 - CPN selected for project level
2026-04-11 21:29:50,957 [INFO] CADModel:114 - Register for checkConnection events
2026-04-11 21:29:50,969 [INFO] IPUIPlugin:80 - create IPUIPlugin
2026-04-11 21:29:50,970 [INFO] PluginManager:220 - loadIPPluginJar : add adc
2026-04-11 21:29:50,971 [INFO] IPUIPlugin:80 - create IPUIPlugin
2026-04-11 21:29:50,971 [INFO] PluginManager:220 - loadIPPluginJar : add aes
2026-04-11 21:29:50,974 [INFO] IPUIPlugin:80 - create IPUIPlugin
2026-04-11 21:29:50,974 [INFO] PluginManager:220 - loadIPPluginJar : add can
2026-04-11 21:29:50,975 [INFO] IPUIPlugin:80 - create IPUIPlugin
2026-04-11 21:29:50,975 [INFO] PluginManager:220 - loadIPPluginJar : add comp
2026-04-11 21:29:50,976 [INFO] IPUIPlugin:80 - create IPUIPlugin
2026-04-11 21:29:50,976 [INFO] PluginManager:220 - loadIPPluginJar : add cryp
2026-04-11 21:29:50,979 [INFO] IPUIPlugin:80 - create IPUIPlugin
2026-04-11 21:29:50,979 [INFO] PluginManager:220 - loadIPPluginJar : add ddr_ctrl_phy
2026-04-11 21:29:50,981 [INFO] IPUIPlugin:80 - create IPUIPlugin
2026-04-11 21:29:50,981 [INFO] PluginManager:220 - loadIPPluginJar : add dfsdm
2026-04-11 21:29:50,984 [INFO] IPUIPlugin:80 - create IPUIPlugin
2026-04-11 21:29:50,984 [INFO] PluginManager:220 - loadIPPluginJar : add dma
2026-04-11 21:29:50,986 [INFO] IPUIPlugin:80 - create IPUIPlugin
2026-04-11 21:29:50,986 [INFO] PluginManager:220 - loadIPPluginJar : add dma3
2026-04-11 21:29:50,988 [INFO] IPUIPlugin:80 - create IPUIPlugin
2026-04-11 21:29:50,988 [INFO] PluginManager:220 - loadIPPluginJar : add extmemmanager
2026-04-11 21:29:50,989 [INFO] IPUIPlugin:80 - create IPUIPlugin
2026-04-11 21:29:50,989 [INFO] PluginManager:220 - loadIPPluginJar : add fatfs
2026-04-11 21:29:50,993 [INFO] IPUIPlugin:80 - create IPUIPlugin
2026-04-11 21:29:50,993 [INFO] PluginManager:220 - loadIPPluginJar : add fmc
2026-04-11 21:29:50,997 [INFO] IPUIPlugin:80 - create IPUIPlugin
2026-04-11 21:29:50,997 [INFO] PluginManager:220 - loadIPPluginJar : add freertos
2026-04-11 21:29:50,998 [INFO] IPUIPlugin:80 - create IPUIPlugin
2026-04-11 21:29:50,998 [INFO] PluginManager:220 - loadIPPluginJar : add genericplugin
2026-04-11 21:29:50,999 [INFO] IPUIPlugin:80 - create IPUIPlugin
2026-04-11 21:29:51,001 [INFO] PluginManager:220 - loadIPPluginJar : add gfxmmu
2026-04-11 21:29:51,003 [INFO] IPUIPlugin:80 - create IPUIPlugin
2026-04-11 21:29:51,003 [INFO] PluginManager:220 - loadIPPluginJar : add gic
2026-04-11 21:29:51,005 [INFO] IPUIPlugin:80 - create IPUIPlugin
2026-04-11 21:29:51,005 [INFO] PluginManager:220 - loadIPPluginJar : add gpio
2026-04-11 21:29:51,007 [INFO] IPUIPlugin:80 - create IPUIPlugin
2026-04-11 21:29:51,007 [INFO] PluginManager:220 - loadIPPluginJar : add gtzc
2026-04-11 21:29:51,009 [INFO] IPUIPlugin:80 - create IPUIPlugin
2026-04-11 21:29:51,009 [INFO] PluginManager:220 - loadIPPluginJar : add hash
2026-04-11 21:29:51,010 [INFO] IPUIPlugin:80 - create IPUIPlugin
2026-04-11 21:29:51,010 [INFO] PluginManager:220 - loadIPPluginJar : add i2c
2026-04-11 21:29:51,011 [INFO] IPUIPlugin:80 - create IPUIPlugin
2026-04-11 21:29:51,012 [INFO] PluginManager:220 - loadIPPluginJar : add i2s
2026-04-11 21:29:51,014 [INFO] IPUIPlugin:80 - create IPUIPlugin
2026-04-11 21:29:51,014 [INFO] PluginManager:220 - loadIPPluginJar : add i3c
2026-04-11 21:29:51,016 [INFO] IPUIPlugin:80 - create IPUIPlugin
2026-04-11 21:29:51,016 [INFO] PluginManager:220 - loadIPPluginJar : add ipddr
2026-04-11 21:29:51,020 [INFO] IPUIPlugin:80 - create IPUIPlugin
2026-04-11 21:29:51,020 [INFO] PluginManager:220 - loadIPPluginJar : add linkedlist
2026-04-11 21:29:51,022 [INFO] IPUIPlugin:80 - create IPUIPlugin
2026-04-11 21:29:51,022 [INFO] PluginManager:220 - loadIPPluginJar : add lorawan
2026-04-11 21:29:51,023 [INFO] IPUIPlugin:80 - create IPUIPlugin
2026-04-11 21:29:51,023 [INFO] PluginManager:220 - loadIPPluginJar : add ltdc
2026-04-11 21:29:51,027 [INFO] IPUIPlugin:80 - create IPUIPlugin
2026-04-11 21:29:51,027 [INFO] PluginManager:220 - loadIPPluginJar : add mdma
2026-04-11 21:29:51,029 [INFO] IPUIPlugin:80 - create IPUIPlugin
2026-04-11 21:29:51,029 [INFO] PluginManager:220 - loadIPPluginJar : add nvic
2026-04-11 21:29:51,031 [INFO] IPUIPlugin:80 - create IPUIPlugin
2026-04-11 21:29:51,031 [INFO] PluginManager:220 - loadIPPluginJar : add opamp
2026-04-11 21:29:51,033 [INFO] IPUIPlugin:80 - create IPUIPlugin
2026-04-11 21:29:51,033 [INFO] PluginManager:220 - loadIPPluginJar : add openamp
2026-04-11 21:29:51,036 [INFO] IPUIPlugin:80 - create IPUIPlugin
2026-04-11 21:29:51,036 [INFO] PluginManager:220 - loadIPPluginJar : add pdm2pcm
2026-04-11 21:29:51,039 [INFO] IPUIPlugin:80 - create IPUIPlugin
2026-04-11 21:29:51,040 [INFO] PluginManager:220 - loadIPPluginJar : add plateformsettings
2026-04-11 21:29:51,042 [INFO] IPUIPlugin:80 - create IPUIPlugin
2026-04-11 21:29:51,042 [INFO] PluginManager:220 - loadIPPluginJar : add quadspi
2026-04-11 21:29:51,043 [INFO] IPUIPlugin:80 - create IPUIPlugin
2026-04-11 21:29:51,043 [INFO] PluginManager:220 - loadIPPluginJar : add radio
2026-04-11 21:29:51,046 [INFO] IPUIPlugin:80 - create IPUIPlugin
2026-04-11 21:29:51,046 [INFO] PluginManager:220 - loadIPPluginJar : add resmgrutility
2026-04-11 21:29:51,048 [INFO] IPUIPlugin:80 - create IPUIPlugin
2026-04-11 21:29:51,048 [INFO] PluginManager:220 - loadIPPluginJar : add sai
2026-04-11 21:29:51,049 [INFO] IPUIPlugin:80 - create IPUIPlugin
2026-04-11 21:29:51,049 [INFO] PluginManager:220 - loadIPPluginJar : add spi
2026-04-11 21:29:51,053 [INFO] IPUIPlugin:80 - create IPUIPlugin
2026-04-11 21:29:51,053 [INFO] PluginManager:220 - loadIPPluginJar : add stm32_wpan
2026-04-11 21:29:51,054 [INFO] IPUIPlugin:80 - create IPUIPlugin
2026-04-11 21:29:51,054 [INFO] PluginManager:220 - loadIPPluginJar : add tim
2026-04-11 21:29:51,055 [INFO] IPUIPlugin:80 - create IPUIPlugin
2026-04-11 21:29:51,056 [INFO] PluginManager:220 - loadIPPluginJar : add touchsensing
2026-04-11 21:29:51,058 [INFO] IPUIPlugin:80 - create IPUIPlugin
2026-04-11 21:29:51,058 [INFO] PluginManager:220 - loadIPPluginJar : add tracer_emb
2026-04-11 21:29:51,059 [INFO] IPUIPlugin:80 - create IPUIPlugin
2026-04-11 21:29:51,059 [INFO] PluginManager:220 - loadIPPluginJar : add ts
2026-04-11 21:29:51,060 [INFO] IPUIPlugin:80 - create IPUIPlugin
2026-04-11 21:29:51,060 [INFO] PluginManager:220 - loadIPPluginJar : add tsc
2026-04-11 21:29:51,061 [INFO] IPUIPlugin:80 - create IPUIPlugin
2026-04-11 21:29:51,061 [INFO] PluginManager:220 - loadIPPluginJar : add ucpd
2026-04-11 21:29:51,063 [INFO] IPUIPlugin:80 - create IPUIPlugin
2026-04-11 21:29:51,064 [INFO] PluginManager:220 - loadIPPluginJar : add usart
2026-04-11 21:29:51,065 [INFO] IPUIPlugin:80 - create IPUIPlugin
2026-04-11 21:29:51,065 [INFO] PluginManager:220 - loadIPPluginJar : add usbx
2026-04-11 21:29:51,179 [FATAL] Updater:351 - Updater called before beeing initialized
2026-04-11 21:29:51,222 [INFO] RulesReader:64 - Compatibility file has been processed (317 Rules)
2026-04-11 21:29:51,237 [INFO] RulesReader:64 - Compatibility file has been processed (317 Rules)
2026-04-11 21:29:51,254 [INFO] CADModel:165 - CPN selected for project level
2026-04-11 21:29:51,254 [INFO] CADModel:114 - Register for checkConnection events
2026-04-11 21:29:51,254 [FATAL] Updater:351 - Updater called before beeing initialized
2026-04-11 21:29:51,254 [ERROR] CADModel:125 - Updater not yet initialized, retry later 
2026-04-11 21:29:51,367 [FATAL] Updater:351 - Updater called before beeing initialized
2026-04-11 21:29:51,369 [INFO] CADModel:165 - CPN selected for project level
2026-04-11 21:29:51,369 [INFO] CADModel:114 - Register for checkConnection events
2026-04-11 21:29:51,369 [FATAL] Updater:351 - Updater called before beeing initialized
2026-04-11 21:29:51,369 [ERROR] CADModel:125 - Updater not yet initialized, retry later 
2026-04-11 21:29:51,371 [FATAL] Updater:351 - Updater called before beeing initialized
2026-04-11 21:29:51,468 [FATAL] Updater:351 - Updater called before beeing initialized
2026-04-11 21:29:51,470 [INFO] DbMcusAds:53 - JSON generation date=Thu Mar 05 22:32:52 CST 2026 (1772721172890)
2026-04-11 21:29:51,471 [FATAL] Updater:351 - Updater called before beeing initialized
2026-04-11 21:29:51,499 [WARN] DetailPanel:346 - Failed to get advertising image, set to default
2026-04-11 21:29:51,577 [FATAL] Updater:351 - Updater called before beeing initialized
2026-04-11 21:29:51,579 [FATAL] Updater:351 - Updater called before beeing initialized
2026-04-11 21:29:51,579 [FATAL] Updater:351 - Updater called before beeing initialized
2026-04-11 21:29:51,579 [WARN] DetailPanel:346 - Failed to get advertising image, set to default
2026-04-11 21:29:51,580 [FATAL] Updater:351 - Updater called before beeing initialized
2026-04-11 21:29:51,617 [ERROR] Updater:1198 - MainUpdater not yet initialized. External WinMGr cannot be set.
2026-04-11 21:29:51,620 [INFO] Updater:1134 - Updater Version found : 6.15.0
2026-04-11 21:29:51,632 [INFO] ApplicationProperties:184 - Using Application install path: E:\STM32CubeIDE\STM32CubeIDE_1.19.0\STM32CubeIDE\plugins\com.st.stm32cube.common.mx_6.15.0.202507011659
2026-04-11 21:29:52,367 [INFO] MainUpdater:2872 - connection check result : 10
2026-04-11 21:29:52,367 [INFO] MainUpdater:3604 - Updater definition file requires update
2026-04-11 21:29:52,369 [INFO] MainUpdater:289 - Updater Check For Update Now.
2026-04-11 21:29:52,369 [INFO] MicroXplorer:498 - Change Database Version : DB.6.0.150
2026-04-11 21:29:52,374 [INFO] McuFinderGlobals:63 - Set McuFinder mode to 2 (CubeIDE integrated)
2026-04-11 21:29:52,375 [INFO] UserAuth:487 - Internet connection configuration mode: 1
2026-04-11 21:29:52,396 [INFO] JxBrowserEngine:152 - Initiate JxBrowser Engine with user profile folder
2026-04-11 21:29:52,843 [INFO] ServerAccessManage:452 - Complete download http(s) 200
2026-04-11 21:29:52,845 [INFO] ServerAccessManage:509 - Download File updaters.zip
2026-04-11 21:29:52,929 [INFO] FileExtend:248 - Unzip File : updaters.zip
2026-04-11 21:29:52,929 [INFO] FileExtend:263 - Standard Zip Deflate
2026-04-11 21:29:53,326 [INFO] ServerAccessManage:452 - Complete download http(s) 200
2026-04-11 21:29:53,326 [INFO] ServerAccessManage:509 - Download File PacksControlFlags.xml
2026-04-11 21:29:53,388 [INFO] ServerAccessManage:452 - Complete download http(s) 200
2026-04-11 21:29:53,388 [INFO] ServerAccessManage:509 - Download File cubemx.pidx
2026-04-11 21:29:53,597 [WARN] MainUpdater:1193 - Updater busy. Cannot search thirdparties
2026-04-11 21:29:53,597 [INFO] ThirdPartyUpdaterWithRetryManager:96 - Updater plugin is busy. [1/15]
2026-04-11 21:29:53,814 [INFO] WebApp:169 - Instantiating new browser for Auth
2026-04-11 21:29:54,448 [INFO] ServerAccessManage:452 - Complete download http(s) 200
2026-04-11 21:29:54,448 [INFO] ServerAccessManage:509 - Download File STMicroelectronics.X-CUBE-WB05N.pdsc
2026-04-11 21:29:54,804 [INFO] WebApp:463 - Apply proxy settings
2026-04-11 21:29:54,806 [INFO] WebApp:548 - Chromium requires no authentication
2026-04-11 21:29:54,815 [INFO] WebApp:491 - Direct internet connection detected
2026-04-11 21:29:54,835 [INFO] WebApp:900 - Register for checkConnection events
2026-04-11 21:29:54,835 [INFO] WebApp:463 - Apply proxy settings
2026-04-11 21:29:54,835 [INFO] WebApp:548 - Chromium requires no authentication
2026-04-11 21:29:54,835 [INFO] WebApp:491 - Direct internet connection detected
2026-04-11 21:29:54,964 [INFO] WebApp:225 - Starting web application
2026-04-11 21:29:54,964 [INFO] WebApp:593 - Web application path used E:\STM32CubeIDE\STM32CubeIDE_1.19.0\STM32CubeIDE\plugins\com.st.stm32cube.common.mx_6.15.0.202507011659\db\plugins\mcufinder\reactClient1\index.html
2026-04-11 21:29:55,022 [INFO] UserAuth:487 - Internet connection configuration mode: 1
2026-04-11 21:29:55,747 [ERROR] ServerAccessManage:1254 - HTTP unexpected response (418) for https://www.weston-embedded.com/stm_packages/WES.I-CUBE-Cesium.pdsc
2026-04-11 21:29:55,748 [ERROR] ServerAccessManage:740 - Error during Access to HTTP Server. : WES.I-CUBE-Cesium.pdsc.
2026-04-11 21:29:55,865 [WARN] PackLoader:240 - Cannot read IP mode file for STMicroelectronics.X-CUBE-WB05N.2.1.0
2026-04-11 21:29:55,868 [INFO] PopulateThirdPartyThread:66 - Ending populate Thread
2026-04-11 21:29:55,869 [INFO] ThirdParty:1030 - CMSIS Pack Vendor :STMicroelectronics X-CUBE-WB05N 2.1.0
2026-04-11 21:29:55,870 [INFO] LoadServerUpdatesThread:375 - End of LoadServerUpdate Thread
2026-04-11 21:29:55,979 [INFO] CheckServerUpdateThread:120 - End of CheckServer Thread
2026-04-11 21:29:56,812 [WARN] PackLoader:240 - Cannot read IP mode file for STMicroelectronics.X-CUBE-AZRTOS-H7.3.5.0
2026-04-11 21:29:56,820 [WARN] PackLoader:240 - Cannot read IP mode file for STMicroelectronics.FP-SNS-MOTENVWB1.1.4.0
2026-04-11 21:29:56,824 [WARN] PackLoader:240 - Cannot read IP mode file for STMicroelectronics.FP-ATR-ASTRA1.2.0.2
2026-04-11 21:29:56,827 [WARN] PackLoader:240 - Cannot read IP mode file for STMicroelectronics.FP-ATR-ASTRA1.2.0.1
2026-04-11 21:29:56,834 [WARN] PackLoader:240 - Cannot read IP mode file for STMicroelectronics.X-CUBE-SMBUS.2.1.0
2026-04-11 21:29:56,838 [WARN] PackLoader:240 - Cannot read IP mode file for STMicroelectronics.X-CUBE-ST60.1.0.0
2026-04-11 21:29:56,841 [WARN] PackLoader:240 - Cannot read IP mode file for STMicroelectronics.X-CUBE-TOUCHGFX.4.23.2
2026-04-11 21:29:56,853 [WARN] PackLoader:240 - Cannot read IP mode file for STMicroelectronics.X-CUBE-AZRTOS-F7.1.1.0
2026-04-11 21:29:56,860 [WARN] PackLoader:240 - Cannot read IP mode file for STMicroelectronics.FP-SNS-MOTENV1.5.1.0
2026-04-11 21:29:56,865 [WARN] PackLoader:240 - Cannot read IP mode file for STMicroelectronics.FP-SNS-FLIGHT1.5.0.2
2026-04-11 21:29:56,875 [WARN] PackLoader:240 - Cannot read IP mode file for STMicroelectronics.X-CUBE-AZRTOS-H7.3.4.0
2026-04-11 21:29:56,883 [WARN] PackLoader:240 - Cannot read IP mode file for STMicroelectronics.X-CUBE-DISPLAY.3.0.0
2026-04-11 21:29:56,888 [WARN] PackLoader:240 - Cannot read IP mode file for STMicroelectronics.FP-SNS-MOTENVWB1.1.5.0
2026-04-11 21:29:56,891 [WARN] PackLoader:240 - Cannot read IP mode file for STMicroelectronics.X-CUBE-BLE1.7.0.0
2026-04-11 21:29:56,897 [WARN] PackLoader:240 - Cannot read IP mode file for STMicroelectronics.X-CUBE-NFC10.1.0.0
2026-04-11 21:29:56,901 [WARN] PackLoader:240 - Cannot read IP mode file for STMicroelectronics.X-CUBE-ST60.1.1.0
2026-04-11 21:29:56,908 [WARN] PackLoader:240 - Cannot read IP mode file for emotas.I-CUBE-CANOPEN.1.3.0
2026-04-11 21:29:56,913 [WARN] PackLoader:240 - Cannot read IP mode file for STMicroelectronics.X-CUBE-GNSS1.7.1.0
2026-04-11 21:29:56,917 [WARN] PackLoader:240 - Cannot read IP mode file for STMicroelectronics.X-CUBE-BLEMGR.3.1.0
2026-04-11 21:29:56,924 [WARN] PackLoader:240 - Cannot read IP mode file for STMicroelectronics.FP-SNS-STBOX1.2.1.0
2026-04-11 21:29:56,930 [WARN] PackLoader:240 - Cannot read IP mode file for STMicroelectronics.FP-SNS-SMARTAG2.1.2.0
2026-04-11 21:29:56,933 [WARN] PackLoader:240 - Cannot read IP mode file for STMicroelectronics.FP-SNS-FLIGHT1.5.1.0
2026-04-11 21:29:56,939 [INFO] LogOutputStream:77 - [STDOUT_REDIRECT] 1 : Invalid condition id : UX_CORESTACK_Condition cause : null
2026-04-11 21:29:56,939 [INFO] LogOutputStream:77 - [STDOUT_REDIRECT] 1 : Invalid condition id : UX_CORESTACK_Condition cause : null
2026-04-11 21:29:56,940 [INFO] LogOutputStream:77 - [STDOUT_REDIRECT] 1 : Invalid condition id : UX_CORESTACK_Condition cause : null
2026-04-11 21:29:56,941 [INFO] LogOutputStream:77 - [STDOUT_REDIRECT] 1 : Invalid condition id : UX_CORESTACK_Condition cause : null
2026-04-11 21:29:56,941 [INFO] LogOutputStream:77 - [STDOUT_REDIRECT] 1 : Invalid condition id : UX_CORESTACK_Condition cause : null
2026-04-11 21:29:56,944 [WARN] PackLoader:240 - Cannot read IP mode file for STMicroelectronics.X-CUBE-AZRTOS-WL.2.0.0
2026-04-11 21:29:56,947 [WARN] PackLoader:240 - Cannot read IP mode file for STMicroelectronics.FP-SNS-MOTENV1.5.0.0
2026-04-11 21:29:56,963 [WARN] PackLoader:240 - Cannot read IP mode file for STMicroelectronics.X-CUBE-AZRTOS-H7RS.1.2.0
2026-04-11 21:29:56,967 [WARN] PackLoader:240 - Cannot read IP mode file for STMicroelectronics.X-CUBE-BLE2.3.3.0
2026-04-11 21:29:56,982 [WARN] PackLoader:240 - Cannot read IP mode file for STMicroelectronics.X-CUBE-NFC9.1.0.0
2026-04-11 21:29:56,987 [WARN] PackLoader:240 - Cannot read IP mode file for STMicroelectronics.X-CUBE-BLE1.7.1.0
2026-04-11 21:29:56,989 [WARN] PackLoader:240 - Cannot read IP mode file for wolfSSL.I-CUBE-wolfMQTT.1.19.2
2026-04-11 21:29:56,993 [WARN] PackLoader:240 - Cannot read IP mode file for STMicroelectronics.X-CUBE-TCPP.4.1.0
2026-04-11 21:29:56,999 [WARN] PackLoader:240 - Cannot read IP mode file for STMicroelectronics.X-CUBE-FREERTOS.1.4.0
2026-04-11 21:29:57,003 [WARN] PackLoader:240 - Cannot read IP mode file for STMicroelectronics.X-CUBE-EEPRMA1.5.2.0
2026-04-11 21:29:57,008 [WARN] PackLoader:240 - Cannot read IP mode file for STMicroelectronics.X-CUBE-ST67W61.1.1.0
2026-04-11 21:29:57,013 [WARN] PackLoader:240 - Cannot read IP mode file for STMicroelectronics.X-CUBE-AI.10.1.0
2026-04-11 21:29:57,034 [WARN] PackLoader:240 - Cannot read IP mode file for STMicroelectronics.X-CUBE-MEMS1.12.0.0
2026-04-11 21:29:57,088 [WARN] PackLoader:240 - Cannot read IP mode file for STMicroelectronics.X-CUBE-AZRTOS-G0.1.1.0
2026-04-11 21:29:57,095 [WARN] PackLoader:240 - Cannot read IP mode file for STMicroelectronics.X-CUBE-SAFEA1.1.2.2
2026-04-11 21:29:57,099 [WARN] PackLoader:240 - Cannot read IP mode file for STMicroelectronics.X-CUBE-NFC4.3.0.0
2026-04-11 21:29:57,108 [WARN] PackLoader:240 - Cannot read IP mode file for EmbeddedOffice.I-CUBE-FS-RTOS.1.0.1
2026-04-11 21:29:57,114 [WARN] PackLoader:240 - Cannot read IP mode file for STMicroelectronics.X-CUBE-WB05N.2.0.0
2026-04-11 21:29:57,117 [WARN] PackLoader:240 - Cannot read IP mode file for wolfSSL.I-CUBE-wolfTPM.3.8.0
2026-04-11 21:29:57,121 [WARN] PackLoader:240 - Cannot read IP mode file for STMicroelectronics.X-CUBE-TCPP.4.2.0
2026-04-11 21:29:57,126 [WARN] PackLoader:240 - Cannot read IP mode file for RealThread.X-CUBE-RT-Thread_Nano.4.1.1
2026-04-11 21:29:57,129 [WARN] PackLoader:240 - Cannot read IP mode file for wolfSSL.I-CUBE-wolfSSL.5.7.0
2026-04-11 21:29:57,133 [WARN] PackLoader:240 - Cannot read IP mode file for STMicroelectronics.FP-ATR-SIGFOX1.3.2.0
2026-04-11 21:29:57,137 [WARN] PackLoader:240 - Cannot read IP mode file for STMicroelectronics.X-CUBE-EEPRMA1.5.1.0
2026-04-11 21:29:57,141 [WARN] PackLoader:240 - Cannot read IP mode file for STMicroelectronics.X-CUBE-FREERTOS.1.5.0
2026-04-11 21:29:57,148 [WARN] PackLoader:240 - Cannot read IP mode file for ITTIA_DB.I-CUBE-ITTIADB.8.9.0
2026-04-11 21:29:57,153 [WARN] PackLoader:240 - Cannot read IP mode file for STMicroelectronics.X-CUBE-NFC6.3.2.0
2026-04-11 21:29:57,157 [WARN] PackLoader:240 - Cannot read IP mode file for STMicroelectronics.X-CUBE-ST67W61.1.0.0
2026-04-11 21:29:57,162 [WARN] PackLoader:240 - Cannot read IP mode file for STMicroelectronics.X-CUBE-AI.10.2.0
2026-04-11 21:29:57,180 [WARN] PackLoader:240 - Cannot read IP mode file for SEGGER.I-CUBE-embOS.1.3.1
2026-04-11 21:29:57,202 [WARN] PackLoader:240 - Cannot read IP mode file for STMicroelectronics.X-CUBE-ALGOBUILD.1.4.0
2026-04-11 21:29:57,224 [WARN] PackLoader:240 - Cannot read IP mode file for STMicroelectronics.X-CUBE-MEMS1.11.3.0
2026-04-11 21:29:57,291 [WARN] PackLoader:240 - Cannot read IP mode file for STMicroelectronics.X-CUBE-PM33A1.1.0.0
2026-04-11 21:29:57,297 [WARN] PackLoader:240 - Cannot read IP mode file for STMicroelectronics.X-CUBE-GNSS1.6.0.0
2026-04-11 21:29:57,310 [WARN] PackLoader:240 - Cannot read IP mode file for STMicroelectronics.X-CUBE-AZRTOS-F4.1.1.0
2026-04-11 21:29:57,316 [WARN] PackLoader:240 - Cannot read IP mode file for Avnet-IotConnect.X-CUBE-IoTC-DA16k-PMOD.1.0.0
2026-04-11 21:29:57,319 [WARN] PackLoader:240 - Cannot read IP mode file for STMicroelectronics.X-CUBE-ISPU.2.1.0
2026-04-11 21:29:57,330 [WARN] PackLoader:240 - Cannot read IP mode file for STMicroelectronics.X-CUBE-IPS.3.2.0
2026-04-11 21:29:57,338 [WARN] PackLoader:240 - Cannot read IP mode file for STMicroelectronics.eDS-WB_DPC_TT-BIDIR.2.1.1
2026-04-11 21:29:57,342 [WARN] PackLoader:240 - Cannot read IP mode file for STMicroelectronics.X-CUBE-FREERTOS.1.2.0
2026-04-11 21:29:57,348 [WARN] PackLoader:240 - Cannot read IP mode file for STMicroelectronics.X-CUBE-NFC12.1.0.0
2026-04-11 21:29:57,358 [WARN] PackLoader:240 - Cannot read IP mode file for STMicroelectronics.X-CUBE-AZRTOS-L5.2.0.0
2026-04-11 21:29:57,364 [WARN] PackLoader:240 - Cannot read IP mode file for STMicroelectronics.X-CUBE-NFC6.3.1.0
2026-04-11 21:29:57,369 [WARN] PackLoader:240 - Cannot read IP mode file for STMicroelectronics.eDS-WB_DPC_VIENNA.1.2.0
2026-04-11 21:29:57,375 [WARN] PackLoader:240 - Cannot read IP mode file for STMicroelectronics.eDS-WB_DPC_3PH2L-BIDIR.1.1.1
2026-04-11 21:29:57,379 [WARN] PackLoader:240 - Cannot read IP mode file for STMicroelectronics.X-CUBE-AI.9.0.0
2026-04-11 21:29:57,383 [WARN] PackLoader:240 - Cannot read IP mode file for STMicroelectronics.X-CUBE-FREERTOS.1.3.1
2026-04-11 21:29:57,389 [WARN] PackLoader:240 - Cannot read IP mode file for STMicroelectronics.X-CUBE-NFC7.1.0.1
2026-04-11 21:29:57,395 [WARN] PackLoader:240 - Cannot read IP mode file for STMicroelectronics.X-CUBE-TOUCHGFX.4.26.0
2026-04-11 21:29:57,398 [WARN] PackLoader:240 - Cannot read IP mode file for STMicroelectronics.X-CUBE-TOUCHGFX.4.26.1
2026-04-11 21:29:57,403 [WARN] PackLoader:240 - Cannot read IP mode file for STMicroelectronics.FP-SNS-STAIOTCFT.1.0.0
2026-04-11 21:29:57,407 [WARN] PackLoader:240 - Cannot read IP mode file for STMicroelectronics.X-CUBE-DPower.1.3.0
2026-04-11 21:29:57,417 [WARN] ConditionMgr:438 - getConditionDescription Invalid condition id : LAN8742 Phy interface Condition cause : null
2026-04-11 21:29:57,417 [WARN] PackLoader:240 - Cannot read IP mode file for STMicroelectronics.X-CUBE-AZRTOS-L4.2.0.0
2026-04-11 21:29:57,417 [WARN] ConditionMgr:1044 - genDependencies : Invalid condition id : LAN8742 Phy interface Condition cause : null
2026-04-11 21:29:57,418 [WARN] ConditionMgr:1044 - genDependencies : Invalid condition id : LAN8742 Phy interface Condition cause : null
2026-04-11 21:29:57,418 [WARN] ConditionMgr:1044 - genDependencies : Invalid condition id : LAN8742 Phy interface Condition cause : null
2026-04-11 21:29:57,424 [WARN] PackLoader:240 - Cannot read IP mode file for STMicroelectronics.X-CUBE-SFXS2LP1.4.0.0
2026-04-11 21:29:57,428 [WARN] PackLoader:240 - Cannot read IP mode file for STMicroelectronics.X-CUBE-WB05N.2.1.0
2026-04-11 21:29:57,453 [WARN] PackLoader:240 - Cannot read IP mode file for STMicroelectronics.X-CUBE-ST67W61.1.2.0
2026-04-11 21:29:57,461 [WARN] PackLoader:240 - Cannot read IP mode file for STMicroelectronics.X-CUBE-BLEMGR.4.1.0
2026-04-11 21:29:57,476 [WARN] ConditionMgr:438 - getConditionDescription Invalid condition id : UX DEVICE CLASS RTOS Condition cause : null
2026-04-11 21:29:57,476 [WARN] ConditionMgr:438 - getConditionDescription Invalid condition id : UX DEVICE CLASS RTOS Condition cause : null
2026-04-11 21:29:57,477 [WARN] PackLoader:240 - Cannot read IP mode file for STMicroelectronics.X-CUBE-AZRTOS-WB.2.0.0
2026-04-11 21:29:57,477 [WARN] ConditionMgr:1044 - genDependencies : Invalid condition id : UX DEVICE CLASS RTOS Condition cause : null
2026-04-11 21:29:57,478 [WARN] ConditionMgr:1044 - genDependencies : Invalid condition id : UX DEVICE CLASS RTOS Condition cause : null
2026-04-11 21:29:57,478 [WARN] ConditionMgr:1044 - genDependencies : Invalid condition id : UX DEVICE CLASS RTOS Condition cause : null
2026-04-11 21:29:57,478 [WARN] ConditionMgr:1044 - genDependencies : Invalid condition id : UX DEVICE CLASS RTOS Condition cause : null
2026-04-11 21:29:57,478 [WARN] ConditionMgr:1044 - genDependencies : Invalid condition id : UX DEVICE CLASS RTOS Condition cause : null
2026-04-11 21:29:57,481 [WARN] PackLoader:240 - Cannot read IP mode file for STMicroelectronics.X-CUBE-GNSS1.7.0.1
2026-04-11 21:29:57,485 [WARN] PackLoader:240 - Cannot read IP mode file for STMicroelectronics.X-CUBE-TOUCHGFX.4.25.0
2026-04-11 21:29:57,489 [WARN] PackLoader:240 - Cannot read IP mode file for STMicroelectronics.FP-SNS-STBOX1.2.0.0
2026-04-11 21:29:57,495 [WARN] ConditionMgr:438 - getConditionDescription Invalid condition id : Cortex-A Device cause : null
2026-04-11 21:29:57,500 [WARN] ConditionMgr:1044 - genDependencies : Invalid condition id : Cortex-A Device cause : null
2026-04-11 21:29:57,500 [WARN] ConditionMgr:1044 - genDependencies : Invalid condition id : Cortex-A Device cause : null
2026-04-11 21:29:57,500 [WARN] ConditionMgr:1044 - genDependencies : Invalid condition id : Cortex-A Device cause : null
2026-04-11 21:29:57,507 [WARN] PackLoader:240 - Cannot read IP mode file for STMicroelectronics.X-CUBE-STSE01.2.0.0
2026-04-11 21:29:57,515 [WARN] PackLoader:240 - Cannot read IP mode file for STMicroelectronics.X-CUBE-SUBG2.5.0.0
2026-04-11 21:29:57,530 [WARN] PackLoader:240 - Cannot read IP mode file for STMicroelectronics.X-CUBE-AZRTOS-H7RS.1.1.0
2026-04-11 21:29:57,539 [WARN] PackLoader:240 - Cannot read IP mode file for STMicroelectronics.X-CUBE-AZRTOS-G4.2.0.0
2026-04-11 21:29:57,545 [WARN] PackLoader:240 - Cannot read IP mode file for wolfSSL.I-CUBE-wolfSSH.1.4.20
2026-04-11 21:29:57,548 [WARN] PackLoader:240 - Cannot read IP mode file for STMicroelectronics.X-CUBE-NFC7.2.0.0
2026-04-11 21:29:57,551 [WARN] PackLoader:240 - Cannot read IP mode file for STMicroelectronics.X-CUBE-ISPU.2.0.0
2026-04-11 21:29:57,557 [WARN] PackLoader:240 - Cannot read IP mode file for STMicroelectronics.X-CUBE-IPS.3.1.0
2026-04-11 21:29:57,565 [WARN] PackLoader:240 - Cannot read IP mode file for STMicroelectronics.X-CUBE-ALS.1.0.2
2026-04-11 21:29:57,587 [WARN] PackLoader:240 - Cannot read IP mode file for STMicroelectronics.X-CUBE-MEMS1.10.0.0
2026-04-11 21:29:57,646 [WARN] PackLoader:240 - Cannot read IP mode file for STMicroelectronics.X-CUBE-STSE01.1.0.0
2026-04-11 21:29:57,651 [WARN] PackLoader:240 - Cannot read IP mode file for portGmbH.I-Cube-SoM-uGOAL.1.1.0
2026-04-11 21:29:57,654 [WARN] PackLoader:240 - Cannot read IP mode file for STMicroelectronics.X-CUBE-ALS.1.0.1
2026-04-11 21:29:57,666 [WARN] PackLoader:240 - Cannot read IP mode file for STMicroelectronics.X-CUBE-AZRTOS-H7RS.1.0.0
2026-04-11 21:29:57,669 [WARN] PackLoader:240 - Cannot read IP mode file for STMicroelectronics.FP-ATR-ASTRA1.2.0.0
2026-04-11 21:29:57,677 [WARN] PackLoader:240 - Cannot read IP mode file for STMicroelectronics.X-CUBE-TOF1.3.4.3
2026-04-11 21:29:57,687 [WARN] PackLoader:240 - Cannot read IP mode file for STMicroelectronics.X-CUBE-TOF1.3.4.1
2026-04-11 21:29:57,701 [WARN] PackLoader:240 - Cannot read IP mode file for STMicroelectronics.X-CUBE-AZRTOS-H7.3.2.0
2026-04-11 21:29:57,710 [WARN] PackLoader:240 - Cannot read IP mode file for Infineon.AIROC-Wi-Fi-Bluetooth-STM32.1.6.0
2026-04-11 21:29:57,713 [INFO] ThirdParty:978 - Integrity check success = true
2026-04-11 21:29:57,714 [INFO] IntegrityCheckThread:100 - exiting critical section [integrity check]
2026-04-11 21:29:57,714 [INFO] IntegrityCheckThread:103 - End integrity checks thread
2026-04-11 21:31:20,113 [ERROR] ConfigurationRetriever:142 - IOException on connection: Received fatal alert: internal_error
2026-04-11 21:31:22,122 [ERROR] LogOutputStream:75 - [STDERR_REDIRECT] 
