2026-03-31 12:50:51,022 [INFO] Activator:176 - 


2026-03-31 12:50:51,024 [INFO] Activator:177 - !SESSION log4j initialized
2026-03-31 12:50:53,269 [INFO] LogOutputStream:77 - [STDOUT_REDIRECT] 
2026-03-31 12:50:54,941 [INFO] ApplicationProperties:184 - Using Application install path: E:\STM32CubeIDE\STM32CubeIDE_1.19.0\STM32CubeIDE\plugins\com.st.stm32cube.common.mx_6.15.0.202507011659
2026-03-31 12:50:54,957 [INFO] DbMcusXml:78 - Set database path to: E:\STM32CubeIDE\STM32CubeIDE_1.19.0\STM32CubeIDE\plugins\com.st.stm32cube.common.mx_6.15.0.202507011659\\db\/mcu/
2026-03-31 12:50:54,957 [INFO] ApiDb:274 - Set plugin database path to: E:\STM32CubeIDE\STM32CubeIDE_1.19.0\STM32CubeIDE\plugins\com.st.stm32cube.common.mx_6.15.0.202507011659\\db\/plugins/boardmanager/
2026-03-31 12:50:54,965 [WARN] ApiDb:259 - Overriding images path with different value:  => E:\STM32CubeIDE\STM32CubeIDE_1.19.0\STM32CubeIDE\plugins\com.st.stm32cube.common.mx_6.15.0.202507011659\\db\/plugins/mcufinder/images/
2026-03-31 12:50:54,969 [INFO] ApiDb:250 - Set database path to: C:\Users\zeng\.stmcufinder\plugins\mcufinder//mcu/
2026-03-31 12:50:54,970 [INFO] DbMcusAds:125 - Set database path to: C:\Users\zeng\.stmcufinder\plugins\mcufinder//mcu/
2026-03-31 12:50:54,972 [INFO] CrossReferenceDbSqlite:203 - Set database path to: C:\Users\zeng\.stmcufinder\plugins\mcufinder//mcu/cs/
2026-03-31 12:50:55,073 [INFO] RulesReader:64 - Compatibility file has been processed (317 Rules)
2026-03-31 12:50:55,138 [INFO] DbMcusXml:78 - Set database path to: E:\STM32CubeIDE\STM32CubeIDE_1.19.0\STM32CubeIDE\plugins\com.st.stm32cube.common.mx_6.15.0.202507011659\\db\/mcu/
2026-03-31 12:50:55,138 [INFO] ApiDb:274 - Set plugin database path to: E:\STM32CubeIDE\STM32CubeIDE_1.19.0\STM32CubeIDE\plugins\com.st.stm32cube.common.mx_6.15.0.202507011659\\db\/plugins/boardmanager/
2026-03-31 12:50:55,138 [INFO] ApiDb:261 - Set plugin images path to: E:\STM32CubeIDE\STM32CubeIDE_1.19.0\STM32CubeIDE\plugins\com.st.stm32cube.common.mx_6.15.0.202507011659\\db\/plugins/mcufinder/images/
2026-03-31 12:50:55,138 [WARN] DbFile:41 - Overriding database path with different value: C:\Users\zeng\.stmcufinder\plugins\mcufinder/ => C:\Users\zeng\.stmcufinder\plugins\mcufinder
2026-03-31 12:50:55,138 [INFO] ApiDb:250 - Set database path to: C:\Users\zeng\.stmcufinder\plugins\mcufinder//mcu/
2026-03-31 12:50:55,138 [WARN] DbFile:41 - Overriding database path with different value: C:\Users\zeng\.stmcufinder\plugins\mcufinder/ => C:\Users\zeng\.stmcufinder\plugins\mcufinder
2026-03-31 12:50:55,138 [INFO] DbMcusAds:125 - Set database path to: C:\Users\zeng\.stmcufinder\plugins\mcufinder//mcu/
2026-03-31 12:50:55,138 [WARN] DbFile:41 - Overriding database path with different value: C:\Users\zeng\.stmcufinder\plugins\mcufinder/ => C:\Users\zeng\.stmcufinder\plugins\mcufinder
2026-03-31 12:50:55,138 [WARN] DbFile:41 - Overriding database path with different value: C:\Users\zeng\.stmcufinder\plugins\mcufinder/ => C:\Users\zeng\.stmcufinder\plugins\mcufinder
2026-03-31 12:50:55,138 [INFO] CrossReferenceDbSqlite:203 - Set database path to: C:\Users\zeng\.stmcufinder\plugins\mcufinder//mcu/cs/
2026-03-31 12:50:55,189 [INFO] MainPanel:274 - HeapMemory: 268435456
2026-03-31 12:50:55,254 [INFO] DbMcusXml:78 - Set database path to: E:\STM32CubeIDE\STM32CubeIDE_1.19.0\STM32CubeIDE\plugins\com.st.stm32cube.common.mx_6.15.0.202507011659\\db\/mcu/
2026-03-31 12:50:55,254 [INFO] ApiDb:274 - Set plugin database path to: E:\STM32CubeIDE\STM32CubeIDE_1.19.0\STM32CubeIDE\plugins\com.st.stm32cube.common.mx_6.15.0.202507011659\\db\/plugins/boardmanager/
2026-03-31 12:50:55,254 [INFO] ApiDb:261 - Set plugin images path to: E:\STM32CubeIDE\STM32CubeIDE_1.19.0\STM32CubeIDE\plugins\com.st.stm32cube.common.mx_6.15.0.202507011659\\db\/plugins/mcufinder/images/
2026-03-31 12:50:55,255 [WARN] DbFile:41 - Overriding database path with different value: C:\Users\zeng\.stmcufinder\plugins\mcufinder/ => C:\Users\zeng\.stmcufinder\plugins\mcufinder
2026-03-31 12:50:55,255 [INFO] ApiDb:250 - Set database path to: C:\Users\zeng\.stmcufinder\plugins\mcufinder//mcu/
2026-03-31 12:50:55,255 [WARN] DbFile:41 - Overriding database path with different value: C:\Users\zeng\.stmcufinder\plugins\mcufinder/ => C:\Users\zeng\.stmcufinder\plugins\mcufinder
2026-03-31 12:50:55,255 [INFO] DbMcusAds:125 - Set database path to: C:\Users\zeng\.stmcufinder\plugins\mcufinder//mcu/
2026-03-31 12:50:55,255 [WARN] DbFile:41 - Overriding database path with different value: C:\Users\zeng\.stmcufinder\plugins\mcufinder/ => C:\Users\zeng\.stmcufinder\plugins\mcufinder
2026-03-31 12:50:55,255 [WARN] DbFile:41 - Overriding database path with different value: C:\Users\zeng\.stmcufinder\plugins\mcufinder/ => C:\Users\zeng\.stmcufinder\plugins\mcufinder
2026-03-31 12:50:55,255 [INFO] CrossReferenceDbSqlite:203 - Set database path to: C:\Users\zeng\.stmcufinder\plugins\mcufinder//mcu/cs/
2026-03-31 12:50:55,269 [INFO] ApplicationProperties:184 - Using Application install path: E:\STM32CubeIDE\STM32CubeIDE_1.19.0\STM32CubeIDE\plugins\com.st.stm32cube.common.mx_6.15.0.202507011659
2026-03-31 12:50:55,270 [INFO] PluginManage:196 - Search for loadable plugins [exclusion list=, ]
2026-03-31 12:50:55,271 [INFO] PluginManage:310 - Check plugin analytics
2026-03-31 12:50:55,483 [INFO] AnalyticsPlugin:253 - Accepted Software Licenses: 
2026-03-31 12:50:55,483 [INFO] AnalyticsPlugin:255 - Accepted CMSIS Pack Licenses: 
2026-03-31 12:50:55,483 [INFO] AnalyticsPlugin:257 - Accepted Firmware Licenses: 
2026-03-31 12:50:55,488 [INFO] PluginManage:359 - Loaded plugin analytics (category:tool,tabindex:-1)
2026-03-31 12:50:55,488 [INFO] PluginManage:310 - Check plugin cadmodel
2026-03-31 12:50:55,493 [INFO] CADModel:105 - Init CAD model plugin
2026-03-31 12:50:55,493 [INFO] PluginManage:359 - Loaded plugin cadmodel (category:power,tabindex:5)
2026-03-31 12:50:55,493 [INFO] PluginManage:310 - Check plugin clock
2026-03-31 12:50:55,501 [INFO] PluginManage:359 - Loaded plugin clock (category:base,tabindex:2)
2026-03-31 12:50:55,501 [INFO] PluginManage:310 - Check plugin ddr
2026-03-31 12:50:55,504 [INFO] PluginManage:359 - Loaded plugin ddr (category:tool,tabindex:6)
2026-03-31 12:50:55,504 [INFO] PluginManage:310 - Check plugin filemanager
2026-03-31 12:50:55,633 [INFO] PluginManage:359 - Loaded plugin filemanager (category:base,tabindex:10)
2026-03-31 12:50:55,634 [INFO] PluginManage:310 - Check plugin ipmanager
2026-03-31 12:50:55,640 [INFO] PluginManage:359 - Loaded plugin ipmanager (category:base,tabindex:5)
2026-03-31 12:50:55,640 [INFO] PluginManage:310 - Check plugin lpbam
2026-03-31 12:50:55,645 [INFO] PluginManage:359 - Loaded plugin lpbam (category:base,tabindex:0)
2026-03-31 12:50:55,645 [INFO] PluginManage:310 - Check plugin memorymap
2026-03-31 12:50:55,654 [INFO] PluginManage:359 - Loaded plugin memorymap (category:base,tabindex:4)
2026-03-31 12:50:55,654 [INFO] PluginManage:310 - Check plugin pinoutandconfiguration
2026-03-31 12:50:55,661 [INFO] PluginManage:359 - Loaded plugin pinoutandconfiguration (category:base,tabindex:1)
2026-03-31 12:50:55,661 [INFO] PluginManage:310 - Check plugin pinoutconfig
2026-03-31 12:50:55,748 [WARN] SupportedApi:132 - Cannot load RTOS API schema: s4s-elt-must-match.1: The content of 'definitions' must match (annotation?, (simpleType | complexType)?, (unique | key | keyref)*)). A problem was found starting at: attribute.
2026-03-31 12:50:55,860 [INFO] PluginManage:359 - Loaded plugin pinoutconfig (category:base,tabindex:0)
2026-03-31 12:50:55,860 [INFO] PluginManage:310 - Check plugin power
2026-03-31 12:50:55,865 [INFO] PluginManage:359 - Loaded plugin power (category:power,tabindex:4)
2026-03-31 12:50:55,866 [INFO] PluginManage:310 - Check plugin projectmanager
2026-03-31 12:50:55,882 [INFO] PluginManage:359 - Loaded plugin projectmanager (category:projectmanager,tabindex:4)
2026-03-31 12:50:55,883 [INFO] PluginManage:310 - Check plugin rif
2026-03-31 12:50:55,894 [INFO] PluginManage:359 - Loaded plugin rif (category:base,tabindex:3)
2026-03-31 12:50:55,894 [INFO] PluginManage:310 - Check plugin thirdparty
2026-03-31 12:50:56,002 [INFO] PluginManage:359 - Loaded plugin thirdparty (category:base,tabindex:-1)
2026-03-31 12:50:56,004 [INFO] PluginManage:310 - Check plugin tools
2026-03-31 12:50:56,004 [WARN] IntegrityCheckThread:84 - waiting for thirdparty lock release [integrity check]
2026-03-31 12:50:56,004 [INFO] IntegrityCheckThread:86 - entering critical section [integrity check]
2026-03-31 12:50:56,004 [INFO] ThirdPartyUpdaterWithRetryManager:70 - Updater plugin not ready yet. [1/15]
2026-03-31 12:50:56,005 [INFO] PluginManage:359 - Loaded plugin tools (category:base,tabindex:7)
2026-03-31 12:50:56,006 [INFO] PluginManage:310 - Check plugin tutovideos
2026-03-31 12:50:56,138 [INFO] PluginManage:359 - Loaded plugin tutovideos (category:base,tabindex:-1)
2026-03-31 12:50:56,139 [INFO] PluginManage:310 - Check plugin updater
2026-03-31 12:50:56,153 [INFO] PluginManage:359 - Loaded plugin updater (category:base,tabindex:12)
2026-03-31 12:50:56,153 [INFO] PluginManage:310 - Check plugin userauth
2026-03-31 12:50:56,156 [INFO] UserAuth:118 - Init User Auth plugin
2026-03-31 12:50:56,157 [INFO] PluginManage:359 - Loaded plugin userauth (category:base,tabindex:14)
2026-03-31 12:50:56,157 [INFO] PluginManage:283 - PluginManage : Loaded plugins [18]
2026-03-31 12:50:56,299 [INFO] PinOutPanel:1589 - setPackage(No Configuration,No Configuration)
2026-03-31 12:50:56,378 [INFO] CADModel:165 - CPN selected for project level
2026-03-31 12:50:56,378 [INFO] CADModel:114 - Register for checkConnection events
2026-03-31 12:50:56,390 [INFO] IPUIPlugin:80 - create IPUIPlugin
2026-03-31 12:50:56,390 [INFO] PluginManager:220 - loadIPPluginJar : add adc
2026-03-31 12:50:56,392 [INFO] IPUIPlugin:80 - create IPUIPlugin
2026-03-31 12:50:56,392 [INFO] PluginManager:220 - loadIPPluginJar : add aes
2026-03-31 12:50:56,393 [INFO] IPUIPlugin:80 - create IPUIPlugin
2026-03-31 12:50:56,394 [INFO] PluginManager:220 - loadIPPluginJar : add can
2026-03-31 12:50:56,394 [INFO] IPUIPlugin:80 - create IPUIPlugin
2026-03-31 12:50:56,394 [INFO] PluginManager:220 - loadIPPluginJar : add comp
2026-03-31 12:50:56,396 [INFO] IPUIPlugin:80 - create IPUIPlugin
2026-03-31 12:50:56,396 [INFO] PluginManager:220 - loadIPPluginJar : add cryp
2026-03-31 12:50:56,397 [INFO] IPUIPlugin:80 - create IPUIPlugin
2026-03-31 12:50:56,397 [INFO] PluginManager:220 - loadIPPluginJar : add ddr_ctrl_phy
2026-03-31 12:50:56,400 [INFO] IPUIPlugin:80 - create IPUIPlugin
2026-03-31 12:50:56,400 [INFO] PluginManager:220 - loadIPPluginJar : add dfsdm
2026-03-31 12:50:56,404 [INFO] IPUIPlugin:80 - create IPUIPlugin
2026-03-31 12:50:56,404 [INFO] PluginManager:220 - loadIPPluginJar : add dma
2026-03-31 12:50:56,405 [INFO] IPUIPlugin:80 - create IPUIPlugin
2026-03-31 12:50:56,405 [INFO] PluginManager:220 - loadIPPluginJar : add dma3
2026-03-31 12:50:56,407 [INFO] IPUIPlugin:80 - create IPUIPlugin
2026-03-31 12:50:56,407 [INFO] PluginManager:220 - loadIPPluginJar : add extmemmanager
2026-03-31 12:50:56,407 [INFO] IPUIPlugin:80 - create IPUIPlugin
2026-03-31 12:50:56,407 [INFO] PluginManager:220 - loadIPPluginJar : add fatfs
2026-03-31 12:50:56,412 [INFO] IPUIPlugin:80 - create IPUIPlugin
2026-03-31 12:50:56,412 [INFO] PluginManager:220 - loadIPPluginJar : add fmc
2026-03-31 12:50:56,415 [INFO] IPUIPlugin:80 - create IPUIPlugin
2026-03-31 12:50:56,415 [INFO] PluginManager:220 - loadIPPluginJar : add freertos
2026-03-31 12:50:56,416 [INFO] IPUIPlugin:80 - create IPUIPlugin
2026-03-31 12:50:56,416 [INFO] PluginManager:220 - loadIPPluginJar : add genericplugin
2026-03-31 12:50:56,417 [INFO] IPUIPlugin:80 - create IPUIPlugin
2026-03-31 12:50:56,417 [INFO] PluginManager:220 - loadIPPluginJar : add gfxmmu
2026-03-31 12:50:56,421 [INFO] IPUIPlugin:80 - create IPUIPlugin
2026-03-31 12:50:56,421 [INFO] PluginManager:220 - loadIPPluginJar : add gic
2026-03-31 12:50:56,424 [INFO] IPUIPlugin:80 - create IPUIPlugin
2026-03-31 12:50:56,424 [INFO] PluginManager:220 - loadIPPluginJar : add gpio
2026-03-31 12:50:56,425 [INFO] IPUIPlugin:80 - create IPUIPlugin
2026-03-31 12:50:56,426 [INFO] PluginManager:220 - loadIPPluginJar : add gtzc
2026-03-31 12:50:56,427 [INFO] IPUIPlugin:80 - create IPUIPlugin
2026-03-31 12:50:56,427 [INFO] PluginManager:220 - loadIPPluginJar : add hash
2026-03-31 12:50:56,428 [INFO] IPUIPlugin:80 - create IPUIPlugin
2026-03-31 12:50:56,428 [INFO] PluginManager:220 - loadIPPluginJar : add i2c
2026-03-31 12:50:56,429 [INFO] IPUIPlugin:80 - create IPUIPlugin
2026-03-31 12:50:56,430 [INFO] PluginManager:220 - loadIPPluginJar : add i2s
2026-03-31 12:50:56,431 [INFO] IPUIPlugin:80 - create IPUIPlugin
2026-03-31 12:50:56,431 [INFO] PluginManager:220 - loadIPPluginJar : add i3c
2026-03-31 12:50:56,434 [INFO] IPUIPlugin:80 - create IPUIPlugin
2026-03-31 12:50:56,434 [INFO] PluginManager:220 - loadIPPluginJar : add ipddr
2026-03-31 12:50:56,440 [INFO] IPUIPlugin:80 - create IPUIPlugin
2026-03-31 12:50:56,440 [INFO] PluginManager:220 - loadIPPluginJar : add linkedlist
2026-03-31 12:50:56,441 [INFO] IPUIPlugin:80 - create IPUIPlugin
2026-03-31 12:50:56,441 [INFO] PluginManager:220 - loadIPPluginJar : add lorawan
2026-03-31 12:50:56,442 [INFO] IPUIPlugin:80 - create IPUIPlugin
2026-03-31 12:50:56,442 [INFO] PluginManager:220 - loadIPPluginJar : add ltdc
2026-03-31 12:50:56,445 [INFO] IPUIPlugin:80 - create IPUIPlugin
2026-03-31 12:50:56,445 [INFO] PluginManager:220 - loadIPPluginJar : add mdma
2026-03-31 12:50:56,447 [INFO] IPUIPlugin:80 - create IPUIPlugin
2026-03-31 12:50:56,448 [INFO] PluginManager:220 - loadIPPluginJar : add nvic
2026-03-31 12:50:56,449 [INFO] IPUIPlugin:80 - create IPUIPlugin
2026-03-31 12:50:56,449 [INFO] PluginManager:220 - loadIPPluginJar : add opamp
2026-03-31 12:50:56,450 [INFO] IPUIPlugin:80 - create IPUIPlugin
2026-03-31 12:50:56,450 [INFO] PluginManager:220 - loadIPPluginJar : add openamp
2026-03-31 12:50:56,452 [INFO] IPUIPlugin:80 - create IPUIPlugin
2026-03-31 12:50:56,452 [INFO] PluginManager:220 - loadIPPluginJar : add pdm2pcm
2026-03-31 12:50:56,455 [INFO] IPUIPlugin:80 - create IPUIPlugin
2026-03-31 12:50:56,456 [INFO] PluginManager:220 - loadIPPluginJar : add plateformsettings
2026-03-31 12:50:56,457 [INFO] IPUIPlugin:80 - create IPUIPlugin
2026-03-31 12:50:56,457 [INFO] PluginManager:220 - loadIPPluginJar : add quadspi
2026-03-31 12:50:56,458 [INFO] IPUIPlugin:80 - create IPUIPlugin
2026-03-31 12:50:56,458 [INFO] PluginManager:220 - loadIPPluginJar : add radio
2026-03-31 12:50:56,460 [INFO] IPUIPlugin:80 - create IPUIPlugin
2026-03-31 12:50:56,460 [INFO] PluginManager:220 - loadIPPluginJar : add resmgrutility
2026-03-31 12:50:56,461 [INFO] IPUIPlugin:80 - create IPUIPlugin
2026-03-31 12:50:56,461 [INFO] PluginManager:220 - loadIPPluginJar : add sai
2026-03-31 12:50:56,462 [INFO] IPUIPlugin:80 - create IPUIPlugin
2026-03-31 12:50:56,462 [INFO] PluginManager:220 - loadIPPluginJar : add spi
2026-03-31 12:50:56,466 [INFO] IPUIPlugin:80 - create IPUIPlugin
2026-03-31 12:50:56,466 [INFO] PluginManager:220 - loadIPPluginJar : add stm32_wpan
2026-03-31 12:50:56,466 [INFO] IPUIPlugin:80 - create IPUIPlugin
2026-03-31 12:50:56,466 [INFO] PluginManager:220 - loadIPPluginJar : add tim
2026-03-31 12:50:56,469 [INFO] IPUIPlugin:80 - create IPUIPlugin
2026-03-31 12:50:56,469 [INFO] PluginManager:220 - loadIPPluginJar : add touchsensing
2026-03-31 12:50:56,470 [INFO] IPUIPlugin:80 - create IPUIPlugin
2026-03-31 12:50:56,471 [INFO] PluginManager:220 - loadIPPluginJar : add tracer_emb
2026-03-31 12:50:56,472 [INFO] IPUIPlugin:80 - create IPUIPlugin
2026-03-31 12:50:56,472 [INFO] PluginManager:220 - loadIPPluginJar : add ts
2026-03-31 12:50:56,473 [INFO] IPUIPlugin:80 - create IPUIPlugin
2026-03-31 12:50:56,473 [INFO] PluginManager:220 - loadIPPluginJar : add tsc
2026-03-31 12:50:56,474 [INFO] IPUIPlugin:80 - create IPUIPlugin
2026-03-31 12:50:56,474 [INFO] PluginManager:220 - loadIPPluginJar : add ucpd
2026-03-31 12:50:56,476 [INFO] IPUIPlugin:80 - create IPUIPlugin
2026-03-31 12:50:56,476 [INFO] PluginManager:220 - loadIPPluginJar : add usart
2026-03-31 12:50:56,478 [INFO] IPUIPlugin:80 - create IPUIPlugin
2026-03-31 12:50:56,478 [INFO] PluginManager:220 - loadIPPluginJar : add usbx
2026-03-31 12:50:56,589 [FATAL] Updater:351 - Updater called before beeing initialized
2026-03-31 12:50:56,613 [INFO] RulesReader:64 - Compatibility file has been processed (317 Rules)
2026-03-31 12:50:56,623 [INFO] RulesReader:64 - Compatibility file has been processed (317 Rules)
2026-03-31 12:50:56,635 [INFO] CADModel:165 - CPN selected for project level
2026-03-31 12:50:56,635 [INFO] CADModel:114 - Register for checkConnection events
2026-03-31 12:50:56,635 [FATAL] Updater:351 - Updater called before beeing initialized
2026-03-31 12:50:56,635 [ERROR] CADModel:125 - Updater not yet initialized, retry later 
2026-03-31 12:50:56,756 [FATAL] Updater:351 - Updater called before beeing initialized
2026-03-31 12:50:56,757 [INFO] CADModel:165 - CPN selected for project level
2026-03-31 12:50:56,757 [INFO] CADModel:114 - Register for checkConnection events
2026-03-31 12:50:56,758 [FATAL] Updater:351 - Updater called before beeing initialized
2026-03-31 12:50:56,758 [ERROR] CADModel:125 - Updater not yet initialized, retry later 
2026-03-31 12:50:56,761 [FATAL] Updater:351 - Updater called before beeing initialized
2026-03-31 12:50:56,868 [FATAL] Updater:351 - Updater called before beeing initialized
2026-03-31 12:50:56,873 [INFO] DbMcusAds:53 - JSON generation date=Thu Mar 05 22:32:52 CST 2026 (1772721172610)
2026-03-31 12:50:56,873 [FATAL] Updater:351 - Updater called before beeing initialized
2026-03-31 12:50:56,900 [WARN] DetailPanel:346 - Failed to get advertising image, set to default
2026-03-31 12:50:56,997 [FATAL] Updater:351 - Updater called before beeing initialized
2026-03-31 12:50:56,999 [FATAL] Updater:351 - Updater called before beeing initialized
2026-03-31 12:50:56,999 [FATAL] Updater:351 - Updater called before beeing initialized
2026-03-31 12:50:56,999 [WARN] DetailPanel:346 - Failed to get advertising image, set to default
2026-03-31 12:50:56,999 [FATAL] Updater:351 - Updater called before beeing initialized
2026-03-31 12:50:57,041 [ERROR] Updater:1198 - MainUpdater not yet initialized. External WinMGr cannot be set.
2026-03-31 12:50:57,044 [INFO] Updater:1134 - Updater Version found : 6.15.0
2026-03-31 12:50:57,059 [INFO] ApplicationProperties:184 - Using Application install path: E:\STM32CubeIDE\STM32CubeIDE_1.19.0\STM32CubeIDE\plugins\com.st.stm32cube.common.mx_6.15.0.202507011659
2026-03-31 12:50:57,623 [INFO] MainUpdater:2872 - connection check result : 10
2026-03-31 12:50:57,624 [INFO] MainUpdater:289 - Updater Check For Update Now.
2026-03-31 12:50:57,624 [INFO] MicroXplorer:498 - Change Database Version : DB.6.0.150
2026-03-31 12:50:57,629 [INFO] McuFinderGlobals:63 - Set McuFinder mode to 2 (CubeIDE integrated)
2026-03-31 12:50:57,630 [INFO] UserAuth:487 - Internet connection configuration mode: 1
2026-03-31 12:50:57,647 [INFO] JxBrowserEngine:152 - Initiate JxBrowser Engine with user profile folder
2026-03-31 12:50:57,789 [INFO] CheckServerUpdateThread:120 - End of CheckServer Thread
2026-03-31 12:50:58,181 [INFO] WebApp:169 - Instantiating new browser for Auth
2026-03-31 12:50:58,803 [INFO] WebApp:463 - Apply proxy settings
2026-03-31 12:50:58,803 [INFO] WebApp:548 - Chromium requires no authentication
2026-03-31 12:50:58,813 [INFO] WebApp:491 - Direct internet connection detected
2026-03-31 12:50:58,831 [INFO] WebApp:900 - Register for checkConnection events
2026-03-31 12:50:58,831 [INFO] WebApp:463 - Apply proxy settings
2026-03-31 12:50:58,832 [INFO] WebApp:548 - Chromium requires no authentication
2026-03-31 12:50:58,832 [INFO] WebApp:491 - Direct internet connection detected
2026-03-31 12:50:58,991 [INFO] WebApp:225 - Starting web application
2026-03-31 12:50:58,991 [INFO] WebApp:593 - Web application path used E:\STM32CubeIDE\STM32CubeIDE_1.19.0\STM32CubeIDE\plugins\com.st.stm32cube.common.mx_6.15.0.202507011659\db\plugins\mcufinder\reactClient1\index.html
2026-03-31 12:50:59,075 [INFO] UserAuth:487 - Internet connection configuration mode: 1
2026-03-31 12:50:59,224 [WARN] PackLoader:240 - Cannot read IP mode file for STMicroelectronics.X-CUBE-AZRTOS-H7.3.5.0
2026-03-31 12:50:59,233 [WARN] PackLoader:240 - Cannot read IP mode file for STMicroelectronics.FP-SNS-MOTENVWB1.1.4.0
2026-03-31 12:50:59,238 [WARN] PackLoader:240 - Cannot read IP mode file for STMicroelectronics.FP-ATR-ASTRA1.2.0.2
2026-03-31 12:50:59,242 [WARN] PackLoader:240 - Cannot read IP mode file for STMicroelectronics.FP-ATR-ASTRA1.2.0.1
2026-03-31 12:50:59,250 [WARN] PackLoader:240 - Cannot read IP mode file for STMicroelectronics.X-CUBE-SMBUS.2.1.0
2026-03-31 12:50:59,256 [WARN] PackLoader:240 - Cannot read IP mode file for STMicroelectronics.X-CUBE-ST60.1.0.0
2026-03-31 12:50:59,262 [WARN] PackLoader:240 - Cannot read IP mode file for STMicroelectronics.X-CUBE-TOUCHGFX.4.23.2
2026-03-31 12:50:59,281 [WARN] PackLoader:240 - Cannot read IP mode file for STMicroelectronics.X-CUBE-AZRTOS-F7.1.1.0
2026-03-31 12:50:59,289 [WARN] PackLoader:240 - Cannot read IP mode file for STMicroelectronics.FP-SNS-MOTENV1.5.1.0
2026-03-31 12:50:59,294 [WARN] PackLoader:240 - Cannot read IP mode file for STMicroelectronics.FP-SNS-FLIGHT1.5.0.2
2026-03-31 12:50:59,319 [WARN] PackLoader:240 - Cannot read IP mode file for STMicroelectronics.X-CUBE-AZRTOS-H7.3.4.0
2026-03-31 12:50:59,334 [WARN] PackLoader:240 - Cannot read IP mode file for STMicroelectronics.X-CUBE-DISPLAY.3.0.0
2026-03-31 12:50:59,344 [WARN] PackLoader:240 - Cannot read IP mode file for STMicroelectronics.FP-SNS-MOTENVWB1.1.5.0
2026-03-31 12:50:59,351 [WARN] PackLoader:240 - Cannot read IP mode file for STMicroelectronics.X-CUBE-BLE1.7.0.0
2026-03-31 12:50:59,356 [WARN] PackLoader:240 - Cannot read IP mode file for STMicroelectronics.X-CUBE-NFC10.1.0.0
2026-03-31 12:50:59,362 [WARN] PackLoader:240 - Cannot read IP mode file for STMicroelectronics.X-CUBE-ST60.1.1.0
2026-03-31 12:50:59,368 [WARN] PackLoader:240 - Cannot read IP mode file for emotas.I-CUBE-CANOPEN.1.3.0
2026-03-31 12:50:59,375 [WARN] PackLoader:240 - Cannot read IP mode file for STMicroelectronics.X-CUBE-GNSS1.7.1.0
2026-03-31 12:50:59,381 [WARN] PackLoader:240 - Cannot read IP mode file for STMicroelectronics.X-CUBE-BLEMGR.3.1.0
2026-03-31 12:50:59,389 [WARN] PackLoader:240 - Cannot read IP mode file for STMicroelectronics.FP-SNS-STBOX1.2.1.0
2026-03-31 12:50:59,394 [WARN] PackLoader:240 - Cannot read IP mode file for STMicroelectronics.FP-SNS-SMARTAG2.1.2.0
2026-03-31 12:50:59,396 [WARN] PackLoader:240 - Cannot read IP mode file for STMicroelectronics.FP-SNS-FLIGHT1.5.1.0
2026-03-31 12:50:59,403 [INFO] LogOutputStream:77 - [STDOUT_REDIRECT] 1 : Invalid condition id : UX_CORESTACK_Condition cause : null
2026-03-31 12:50:59,405 [INFO] LogOutputStream:77 - [STDOUT_REDIRECT] 1 : Invalid condition id : UX_CORESTACK_Condition cause : null
2026-03-31 12:50:59,405 [INFO] LogOutputStream:77 - [STDOUT_REDIRECT] 1 : Invalid condition id : UX_CORESTACK_Condition cause : null
2026-03-31 12:50:59,408 [INFO] LogOutputStream:77 - [STDOUT_REDIRECT] 1 : Invalid condition id : UX_CORESTACK_Condition cause : null
2026-03-31 12:50:59,409 [INFO] LogOutputStream:77 - [STDOUT_REDIRECT] 1 : Invalid condition id : UX_CORESTACK_Condition cause : null
2026-03-31 12:50:59,411 [WARN] PackLoader:240 - Cannot read IP mode file for STMicroelectronics.X-CUBE-AZRTOS-WL.2.0.0
2026-03-31 12:50:59,416 [WARN] PackLoader:240 - Cannot read IP mode file for STMicroelectronics.FP-SNS-MOTENV1.5.0.0
2026-03-31 12:50:59,440 [WARN] PackLoader:240 - Cannot read IP mode file for STMicroelectronics.X-CUBE-AZRTOS-H7RS.1.2.0
2026-03-31 12:50:59,450 [WARN] PackLoader:240 - Cannot read IP mode file for STMicroelectronics.X-CUBE-BLE2.3.3.0
2026-03-31 12:50:59,472 [WARN] PackLoader:240 - Cannot read IP mode file for STMicroelectronics.X-CUBE-NFC9.1.0.0
2026-03-31 12:50:59,478 [WARN] PackLoader:240 - Cannot read IP mode file for STMicroelectronics.X-CUBE-BLE1.7.1.0
2026-03-31 12:50:59,482 [WARN] PackLoader:240 - Cannot read IP mode file for wolfSSL.I-CUBE-wolfMQTT.1.19.2
2026-03-31 12:50:59,486 [WARN] PackLoader:240 - Cannot read IP mode file for STMicroelectronics.X-CUBE-TCPP.4.1.0
2026-03-31 12:50:59,494 [WARN] PackLoader:240 - Cannot read IP mode file for STMicroelectronics.X-CUBE-FREERTOS.1.4.0
2026-03-31 12:50:59,499 [WARN] PackLoader:240 - Cannot read IP mode file for STMicroelectronics.X-CUBE-EEPRMA1.5.2.0
2026-03-31 12:50:59,506 [WARN] PackLoader:240 - Cannot read IP mode file for STMicroelectronics.X-CUBE-ST67W61.1.1.0
2026-03-31 12:50:59,511 [WARN] PackLoader:240 - Cannot read IP mode file for STMicroelectronics.X-CUBE-AI.10.1.0
2026-03-31 12:50:59,539 [WARN] PackLoader:240 - Cannot read IP mode file for STMicroelectronics.X-CUBE-MEMS1.12.0.0
2026-03-31 12:50:59,604 [WARN] PackLoader:240 - Cannot read IP mode file for STMicroelectronics.X-CUBE-AZRTOS-G0.1.1.0
2026-03-31 12:50:59,611 [WARN] PackLoader:240 - Cannot read IP mode file for STMicroelectronics.X-CUBE-SAFEA1.1.2.2
2026-03-31 12:50:59,617 [WARN] PackLoader:240 - Cannot read IP mode file for STMicroelectronics.X-CUBE-NFC4.3.0.0
2026-03-31 12:50:59,626 [WARN] PackLoader:240 - Cannot read IP mode file for EmbeddedOffice.I-CUBE-FS-RTOS.1.0.1
2026-03-31 12:50:59,631 [WARN] PackLoader:240 - Cannot read IP mode file for STMicroelectronics.X-CUBE-WB05N.2.0.0
2026-03-31 12:50:59,635 [WARN] PackLoader:240 - Cannot read IP mode file for wolfSSL.I-CUBE-wolfTPM.3.8.0
2026-03-31 12:50:59,641 [WARN] PackLoader:240 - Cannot read IP mode file for STMicroelectronics.X-CUBE-TCPP.4.2.0
2026-03-31 12:50:59,646 [WARN] PackLoader:240 - Cannot read IP mode file for RealThread.X-CUBE-RT-Thread_Nano.4.1.1
2026-03-31 12:50:59,651 [WARN] PackLoader:240 - Cannot read IP mode file for wolfSSL.I-CUBE-wolfSSL.5.7.0
2026-03-31 12:50:59,656 [WARN] PackLoader:240 - Cannot read IP mode file for STMicroelectronics.FP-ATR-SIGFOX1.3.2.0
2026-03-31 12:50:59,659 [WARN] PackLoader:240 - Cannot read IP mode file for STMicroelectronics.X-CUBE-EEPRMA1.5.1.0
2026-03-31 12:50:59,663 [WARN] PackLoader:240 - Cannot read IP mode file for STMicroelectronics.X-CUBE-FREERTOS.1.5.0
2026-03-31 12:50:59,667 [WARN] PackLoader:240 - Cannot read IP mode file for ITTIA_DB.I-CUBE-ITTIADB.8.9.0
2026-03-31 12:50:59,678 [WARN] PackLoader:240 - Cannot read IP mode file for STMicroelectronics.X-CUBE-NFC6.3.2.0
2026-03-31 12:50:59,685 [WARN] PackLoader:240 - Cannot read IP mode file for STMicroelectronics.X-CUBE-ST67W61.1.0.0
2026-03-31 12:50:59,691 [WARN] PackLoader:240 - Cannot read IP mode file for STMicroelectronics.X-CUBE-AI.10.2.0
2026-03-31 12:50:59,736 [WARN] PackLoader:240 - Cannot read IP mode file for SEGGER.I-CUBE-embOS.1.3.1
2026-03-31 12:50:59,778 [WARN] PackLoader:240 - Cannot read IP mode file for STMicroelectronics.X-CUBE-ALGOBUILD.1.4.0
2026-03-31 12:50:59,808 [WARN] PackLoader:240 - Cannot read IP mode file for STMicroelectronics.X-CUBE-MEMS1.11.3.0
2026-03-31 12:50:59,882 [WARN] PackLoader:240 - Cannot read IP mode file for STMicroelectronics.X-CUBE-PM33A1.1.0.0
2026-03-31 12:50:59,887 [WARN] PackLoader:240 - Cannot read IP mode file for STMicroelectronics.X-CUBE-GNSS1.6.0.0
2026-03-31 12:50:59,897 [WARN] PackLoader:240 - Cannot read IP mode file for STMicroelectronics.X-CUBE-AZRTOS-F4.1.1.0
2026-03-31 12:50:59,903 [WARN] PackLoader:240 - Cannot read IP mode file for Avnet-IotConnect.X-CUBE-IoTC-DA16k-PMOD.1.0.0
2026-03-31 12:50:59,908 [WARN] PackLoader:240 - Cannot read IP mode file for STMicroelectronics.X-CUBE-ISPU.2.1.0
2026-03-31 12:50:59,925 [WARN] PackLoader:240 - Cannot read IP mode file for STMicroelectronics.X-CUBE-IPS.3.2.0
2026-03-31 12:50:59,931 [WARN] PackLoader:240 - Cannot read IP mode file for STMicroelectronics.X-CUBE-FREERTOS.1.2.0
2026-03-31 12:50:59,935 [WARN] PackLoader:240 - Cannot read IP mode file for STMicroelectronics.X-CUBE-NFC12.1.0.0
2026-03-31 12:50:59,948 [WARN] PackLoader:240 - Cannot read IP mode file for STMicroelectronics.X-CUBE-AZRTOS-L5.2.0.0
2026-03-31 12:50:59,954 [WARN] PackLoader:240 - Cannot read IP mode file for STMicroelectronics.X-CUBE-NFC6.3.1.0
2026-03-31 12:50:59,959 [WARN] PackLoader:240 - Cannot read IP mode file for STMicroelectronics.X-CUBE-AI.9.0.0
2026-03-31 12:50:59,963 [WARN] PackLoader:240 - Cannot read IP mode file for STMicroelectronics.X-CUBE-FREERTOS.1.3.1
2026-03-31 12:50:59,967 [WARN] PackLoader:240 - Cannot read IP mode file for STMicroelectronics.X-CUBE-NFC7.1.0.1
2026-03-31 12:50:59,971 [WARN] PackLoader:240 - Cannot read IP mode file for STMicroelectronics.X-CUBE-TOUCHGFX.4.26.0
2026-03-31 12:50:59,974 [WARN] PackLoader:240 - Cannot read IP mode file for STMicroelectronics.X-CUBE-TOUCHGFX.4.26.1
2026-03-31 12:50:59,979 [WARN] PackLoader:240 - Cannot read IP mode file for STMicroelectronics.FP-SNS-STAIOTCFT.1.0.0
2026-03-31 12:50:59,984 [WARN] PackLoader:240 - Cannot read IP mode file for STMicroelectronics.X-CUBE-DPower.1.3.0
2026-03-31 12:50:59,996 [WARN] ConditionMgr:438 - getConditionDescription Invalid condition id : LAN8742 Phy interface Condition cause : null
2026-03-31 12:50:59,996 [WARN] PackLoader:240 - Cannot read IP mode file for STMicroelectronics.X-CUBE-AZRTOS-L4.2.0.0
2026-03-31 12:50:59,998 [WARN] ConditionMgr:1044 - genDependencies : Invalid condition id : LAN8742 Phy interface Condition cause : null
2026-03-31 12:50:59,998 [WARN] ConditionMgr:1044 - genDependencies : Invalid condition id : LAN8742 Phy interface Condition cause : null
2026-03-31 12:50:59,999 [WARN] ConditionMgr:1044 - genDependencies : Invalid condition id : LAN8742 Phy interface Condition cause : null
2026-03-31 12:51:00,003 [WARN] PackLoader:240 - Cannot read IP mode file for STMicroelectronics.X-CUBE-SFXS2LP1.4.0.0
2026-03-31 12:51:00,010 [WARN] PackLoader:240 - Cannot read IP mode file for STMicroelectronics.X-CUBE-ST67W61.1.2.0
2026-03-31 12:51:00,018 [WARN] PackLoader:240 - Cannot read IP mode file for STMicroelectronics.X-CUBE-BLEMGR.4.1.0
2026-03-31 12:51:00,028 [WARN] ConditionMgr:438 - getConditionDescription Invalid condition id : UX DEVICE CLASS RTOS Condition cause : null
2026-03-31 12:51:00,028 [WARN] ConditionMgr:438 - getConditionDescription Invalid condition id : UX DEVICE CLASS RTOS Condition cause : null
2026-03-31 12:51:00,029 [WARN] PackLoader:240 - Cannot read IP mode file for STMicroelectronics.X-CUBE-AZRTOS-WB.2.0.0
2026-03-31 12:51:00,030 [WARN] ConditionMgr:1044 - genDependencies : Invalid condition id : UX DEVICE CLASS RTOS Condition cause : null
2026-03-31 12:51:00,030 [WARN] ConditionMgr:1044 - genDependencies : Invalid condition id : UX DEVICE CLASS RTOS Condition cause : null
2026-03-31 12:51:00,030 [WARN] ConditionMgr:1044 - genDependencies : Invalid condition id : UX DEVICE CLASS RTOS Condition cause : null
2026-03-31 12:51:00,030 [WARN] ConditionMgr:1044 - genDependencies : Invalid condition id : UX DEVICE CLASS RTOS Condition cause : null
2026-03-31 12:51:00,030 [WARN] ConditionMgr:1044 - genDependencies : Invalid condition id : UX DEVICE CLASS RTOS Condition cause : null
2026-03-31 12:51:00,034 [WARN] PackLoader:240 - Cannot read IP mode file for STMicroelectronics.X-CUBE-GNSS1.7.0.1
2026-03-31 12:51:00,039 [WARN] PackLoader:240 - Cannot read IP mode file for STMicroelectronics.X-CUBE-TOUCHGFX.4.25.0
2026-03-31 12:51:00,045 [WARN] PackLoader:240 - Cannot read IP mode file for STMicroelectronics.FP-SNS-STBOX1.2.0.0
2026-03-31 12:51:00,050 [WARN] ConditionMgr:438 - getConditionDescription Invalid condition id : Cortex-A Device cause : null
2026-03-31 12:51:00,058 [WARN] ConditionMgr:1044 - genDependencies : Invalid condition id : Cortex-A Device cause : null
2026-03-31 12:51:00,058 [WARN] ConditionMgr:1044 - genDependencies : Invalid condition id : Cortex-A Device cause : null
2026-03-31 12:51:00,058 [WARN] ConditionMgr:1044 - genDependencies : Invalid condition id : Cortex-A Device cause : null
2026-03-31 12:51:00,063 [WARN] PackLoader:240 - Cannot read IP mode file for STMicroelectronics.X-CUBE-STSE01.2.0.0
2026-03-31 12:51:00,078 [WARN] PackLoader:240 - Cannot read IP mode file for STMicroelectronics.X-CUBE-SUBG2.5.0.0
2026-03-31 12:51:00,093 [WARN] PackLoader:240 - Cannot read IP mode file for STMicroelectronics.X-CUBE-AZRTOS-H7RS.1.1.0
2026-03-31 12:51:00,103 [WARN] PackLoader:240 - Cannot read IP mode file for STMicroelectronics.X-CUBE-AZRTOS-G4.2.0.0
2026-03-31 12:51:00,109 [WARN] PackLoader:240 - Cannot read IP mode file for wolfSSL.I-CUBE-wolfSSH.1.4.20
2026-03-31 12:51:00,113 [WARN] PackLoader:240 - Cannot read IP mode file for STMicroelectronics.X-CUBE-NFC7.2.0.0
2026-03-31 12:51:00,116 [WARN] PackLoader:240 - Cannot read IP mode file for STMicroelectronics.X-CUBE-ISPU.2.0.0
2026-03-31 12:51:00,123 [WARN] PackLoader:240 - Cannot read IP mode file for STMicroelectronics.X-CUBE-IPS.3.1.0
2026-03-31 12:51:00,128 [WARN] PackLoader:240 - Cannot read IP mode file for STMicroelectronics.X-CUBE-ALS.1.0.2
2026-03-31 12:51:00,149 [WARN] PackLoader:240 - Cannot read IP mode file for STMicroelectronics.X-CUBE-MEMS1.10.0.0
2026-03-31 12:51:00,198 [WARN] PackLoader:240 - Cannot read IP mode file for STMicroelectronics.X-CUBE-STSE01.1.0.0
2026-03-31 12:51:00,210 [WARN] PackLoader:240 - Cannot read IP mode file for portGmbH.I-Cube-SoM-uGOAL.1.1.0
2026-03-31 12:51:00,215 [WARN] PackLoader:240 - Cannot read IP mode file for STMicroelectronics.X-CUBE-ALS.1.0.1
2026-03-31 12:51:00,232 [WARN] PackLoader:240 - Cannot read IP mode file for STMicroelectronics.X-CUBE-AZRTOS-H7RS.1.0.0
2026-03-31 12:51:00,238 [WARN] PackLoader:240 - Cannot read IP mode file for STMicroelectronics.FP-ATR-ASTRA1.2.0.0
2026-03-31 12:51:00,244 [WARN] PackLoader:240 - Cannot read IP mode file for STMicroelectronics.X-CUBE-TOF1.3.4.3
2026-03-31 12:51:00,266 [WARN] PackLoader:240 - Cannot read IP mode file for STMicroelectronics.X-CUBE-TOF1.3.4.1
2026-03-31 12:51:00,285 [WARN] PackLoader:240 - Cannot read IP mode file for STMicroelectronics.X-CUBE-AZRTOS-H7.3.2.0
2026-03-31 12:51:00,298 [WARN] PackLoader:240 - Cannot read IP mode file for Infineon.AIROC-Wi-Fi-Bluetooth-STM32.1.6.0
2026-03-31 12:51:00,299 [INFO] ThirdParty:978 - Integrity check success = true
2026-03-31 12:51:00,299 [INFO] IntegrityCheckThread:100 - exiting critical section [integrity check]
2026-03-31 12:51:00,299 [INFO] IntegrityCheckThread:103 - End integrity checks thread
